  최종코드.cpp
c:\users\seomk\source\repos\최종 프로젝트\최종 프로젝트\최종코드.cpp(79): warning C4326: 'main'의 반환 형식이 'int'이어야 하는데 'void'입니다.
c:\users\seomk\source\repos\최종 프로젝트\최종 프로젝트\최종코드.cpp(89): warning C4996: 'fopen': This function or variable may be unsafe. Consider using fopen_s instead. To disable deprecation, use _CRT_SECURE_NO_WARNINGS. See online help for details.
  c:\program files (x86)\windows kits\10\include\10.0.17763.0\ucrt\stdio.h(208): note: 'fopen' 선언을 참조하십시오.
c:\users\seomk\source\repos\최종 프로젝트\최종 프로젝트\최종코드.cpp(122): warning C4996: 'kbhit': The POSIX name for this item is deprecated. Instead, use the ISO C and C++ conformant name: _kbhit. See online help for details.
  c:\program files (x86)\windows kits\10\include\10.0.17763.0\ucrt\conio.h(459): note: 'kbhit' 선언을 참조하십시오.
c:\users\seomk\source\repos\최종 프로젝트\최종 프로젝트\최종코드.cpp(124): warning C4996: 'getch': The POSIX name for this item is deprecated. Instead, use the ISO C and C++ conformant name: _getch. See online help for details.
  c:\program files (x86)\windows kits\10\include\10.0.17763.0\ucrt\conio.h(453): note: 'getch' 선언을 참조하십시오.
c:\users\seomk\source\repos\최종 프로젝트\최종 프로젝트\최종코드.cpp(127): warning C4996: 'getch': The POSIX name for this item is deprecated. Instead, use the ISO C and C++ conformant name: _getch. See online help for details.
  c:\program files (x86)\windows kits\10\include\10.0.17763.0\ucrt\conio.h(453): note: 'getch' 선언을 참조하십시오.
c:\users\seomk\source\repos\최종 프로젝트\최종 프로젝트\최종코드.cpp(388): warning C4996: 'getch': The POSIX name for this item is deprecated. Instead, use the ISO C and C++ conformant name: _getch. See online help for details.
  c:\program files (x86)\windows kits\10\include\10.0.17763.0\ucrt\conio.h(453): note: 'getch' 선언을 참조하십시오.
c:\users\seomk\source\repos\최종 프로젝트\최종 프로젝트\최종코드.cpp(391): warning C4996: 'getch': The POSIX name for this item is deprecated. Instead, use the ISO C and C++ conformant name: _getch. See online help for details.
  c:\program files (x86)\windows kits\10\include\10.0.17763.0\ucrt\conio.h(453): note: 'getch' 선언을 참조하십시오.
c:\users\seomk\source\repos\최종 프로젝트\최종 프로젝트\최종코드.cpp(522): warning C4996: 'fopen': This function or variable may be unsafe. Consider using fopen_s instead. To disable deprecation, use _CRT_SECURE_NO_WARNINGS. See online help for details.
  c:\program files (x86)\windows kits\10\include\10.0.17763.0\ucrt\stdio.h(208): note: 'fopen' 선언을 참조하십시오.
c:\users\seomk\source\repos\최종 프로젝트\최종 프로젝트\최종코드.cpp(525): warning C4996: 'fscanf': This function or variable may be unsafe. Consider using fscanf_s instead. To disable deprecation, use _CRT_SECURE_NO_WARNINGS. See online help for details.
  c:\program files (x86)\windows kits\10\include\10.0.17763.0\ucrt\stdio.h(1197): note: 'fscanf' 선언을 참조하십시오.
c:\users\seomk\source\repos\최종 프로젝트\최종 프로젝트\최종코드.cpp(542): warning C4996: 'fopen': This function or variable may be unsafe. Consider using fopen_s instead. To disable deprecation, use _CRT_SECURE_NO_WARNINGS. See online help for details.
  c:\program files (x86)\windows kits\10\include\10.0.17763.0\ucrt\stdio.h(208): note: 'fopen' 선언을 참조하십시오.
c:\users\seomk\source\repos\최종 프로젝트\최종 프로젝트\최종코드.cpp(574): warning C4996: 'fopen': This function or variable may be unsafe. Consider using fopen_s instead. To disable deprecation, use _CRT_SECURE_NO_WARNINGS. See online help for details.
  c:\program files (x86)\windows kits\10\include\10.0.17763.0\ucrt\stdio.h(208): note: 'fopen' 선언을 참조하십시오.
c:\users\seomk\source\repos\최종 프로젝트\최종 프로젝트\최종코드.cpp(601): warning C4996: 'strncpy': This function or variable may be unsafe. Consider using strncpy_s instead. To disable deprecation, use _CRT_SECURE_NO_WARNINGS. See online help for details.
  c:\program files (x86)\windows kits\10\include\10.0.17763.0\ucrt\string.h(338): note: 'strncpy' 선언을 참조하십시오.
c:\users\seomk\source\repos\최종 프로젝트\최종 프로젝트\최종코드.cpp(610): warning C4244: '인수': 'time_t'에서 'unsigned int'(으)로 변환하면서 데이터가 손실될 수 있습니다.
c:\users\seomk\source\repos\최종 프로젝트\최종 프로젝트\최종코드.cpp(627): warning C4996: 'scanf': This function or variable may be unsafe. Consider using scanf_s instead. To disable deprecation, use _CRT_SECURE_NO_WARNINGS. See online help for details.
  c:\program files (x86)\windows kits\10\include\10.0.17763.0\ucrt\stdio.h(1274): note: 'scanf' 선언을 참조하십시오.
c:\users\seomk\source\repos\최종 프로젝트\최종 프로젝트\최종코드.cpp(922): warning C4996: 'getche': The POSIX name for this item is deprecated. Instead, use the ISO C and C++ conformant name: _getche. See online help for details.
  c:\program files (x86)\windows kits\10\include\10.0.17763.0\ucrt\conio.h(456): note: 'getche' 선언을 참조하십시오.
  최종 프로젝트.vcxproj -> C:\Users\seomk\source\repos\최종 프로젝트\Debug\최종 프로젝트.exe
